
ASEM-51 V1.3                                         Copyright (c) 2002 by W.W. Heinz                                         PAGE 1





       MCS-51 Family Macro Assembler   A S E M - 5 1   V 1.3
       =====================================================



	Source File:	8051/math.asm
	Object File:	8051/math.hex
	List File:	8051/math.lst



 Line  I  Addr  Code            Source

    1:		N      0000	org 00h
    2:
    3:				;add
    4:	  0000	74 05		mov a,  #05h
    5:	  0002	78 04		mov r0, #04h
    6:	  0004	28		add a, r0
    7:
    8:				;sub
    9:	  0005	98		subb a, r0
   10:
   11:				;mul
   12:	  0006	74 05		mov a, #05h
   13:	  0008	75 F0 05	mov b, #05h
   14:	  000B	A4		mul ab
   15:
   16:				;div
   17:	  000C	74 05		mov a, #05h
   18:	  000E	75 F0 05	mov b, #05h
   19:	  0011	84		div ab
   20:
   21:				;add with carry
   22:	  0012	74 92		mov a,  #92h
   23:	  0014	78 23		mov r0, #23h
   24:	  0016	7F 00		mov r7, #0h
   25:	  0018	28		add a, r0
   26:	  0019	50 01		jnc l1
   27:	  001B	0F		inc r7
   28:	  001C	78 87		l1: mov r0, #87h
   29:	  001E	28		add a, r0
   30:	  001F	50 01		jnc l2
   31:	  0021	0F		inc r7
   32:	  0022	78 F5		l2: mov r0, #0F5h
   33:	  0024	28		add a, r0
   34:	  0025	50 01		jnc l4
   35:	  0027	0F		inc r7
   36:	  0028	78 66		l4: mov r0, #66h
   37:	  002A	28		add a, r0
   38:	  002B	50 01		jnc l5
   39:	  002D	0F		inc r7
   40:	  002E			l5:
   41:				end



ASEM-51 V1.3                                         Copyright (c) 2002 by W.W. Heinz                                         PAGE 2






                     register banks used:  ---

                     no errors




ASEM-51 V1.3                                         Copyright (c) 2002 by W.W. Heinz                                         PAGE 3





	       L I S T   O F   S Y M B O L S
	       =============================


SYMBOL				  TYPE     VALUE	LINE
------------------------------------------------------------
??ASEM_51			  NUMBER    8051
??VERSION			  NUMBER    0130
AC				  BIT	      D6
ACC				  DATA	      E0
B				  DATA	      F0
CY				  BIT	      D7
DPH				  DATA	      83
DPL				  DATA	      82
EA				  BIT	      AF
ES				  BIT	      AC
ET0				  BIT	      A9
ET1				  BIT	      AB
EX0				  BIT	      A8
EX1				  BIT	      AA
EXTI0				  CODE	    0003
EXTI1				  CODE	    0013
F0				  BIT	      D5
IE				  DATA	      A8
IE0				  BIT	      89
IE1				  BIT	      8B
INT0				  BIT	      B2
INT1				  BIT	      B3
IP				  DATA	      B8
IT0				  BIT	      88
IT1				  BIT	      8A
L1				  CODE	    001C	  28
L2				  CODE	    0022	  32
L4				  CODE	    0028	  36
L5				  CODE	    002E	  40
OV				  BIT	      D2
P				  BIT	      D0
P0				  DATA	      80
P1				  DATA	      90
P2				  DATA	      A0
P3				  DATA	      B0
PCON				  DATA	      87
PS				  BIT	      BC
PSW				  DATA	      D0
PT0				  BIT	      B9
PT1				  BIT	      BB
PX0				  BIT	      B8
PX1				  BIT	      BA
RB8				  BIT	      9A
RD				  BIT	      B7
REN				  BIT	      9C
RESET				  CODE	    0000
RI				  BIT	      98
RS0				  BIT	      D3
RS1				  BIT	      D4
RXD				  BIT	      B0

ASEM-51 V1.3                                         Copyright (c) 2002 by W.W. Heinz                                         PAGE 4



SYMBOL				  TYPE     VALUE	LINE
------------------------------------------------------------
SBUF				  DATA	      99
SCON				  DATA	      98
SINT				  CODE	    0023
SM0				  BIT	      9F
SM1				  BIT	      9E
SM2				  BIT	      9D
SP				  DATA	      81
T0				  BIT	      B4
T1				  BIT	      B5
TB8				  BIT	      9B
TCON				  DATA	      88
TF0				  BIT	      8D
TF1				  BIT	      8F
TH0				  DATA	      8C
TH1				  DATA	      8D
TI				  BIT	      99
TIMER0				  CODE	    000B
TIMER1				  CODE	    001B
TL0				  DATA	      8A
TL1				  DATA	      8B
TMOD				  DATA	      89
TR0				  BIT	      8C
TR1				  BIT	      8E
TXD				  BIT	      B1
WR				  BIT	      B6
